# List of system calls for x86-64 machines.

[DEFAULT]
return_type = int
params = void

[fork]
number = 0
return_type = pid_t

[vfork]
number = 1
return_type = pid_t

[clone]
number = 2
return_type = pid_t
params = int (*func) (void *), void *arg

[getpid]
number = 3
return_type = pid_t

[getppid]
number = 4
return_type = pid_t

[execve]
number = 5
params = const char *path, char *const *argv, char *const *envp

[open]
number = 10
params = const char *path, int flags, ...

[close]
number = 11
params = int fd

# End of system calls list